[indoinvite.com/s/95771/maemmaemyokd047.html]
[backblue.gif]
[fade.gif]
[index.html]
[pagead2.googlesyndication.com/pagead/js/fd04f.txt]
[indoinvite.com/nikah/css/animate.css]
[indoinvite.com/nikah/css/icomoon.css]
[indoinvite.com/nikah/css/bootstrap.css]
[indoinvite.com/nikah/css/magnific-popup.css]
[indoinvite.com/nikah/css/owl.carousel.min.css]
[indoinvite.com/nikah/css/owl.theme.default.min.css]
[indoinvite.com/nikah/css/style.css]
[indoinvite.com/nikah/js/modernizr-2.6.2.min.js]
[unpkg.com/aos@2.3.1/dist/aos.css]
[unpkg.com/tailwindcss@^1.0/dist/tailwind.min.css]
[indoinvite.com/tailwind.css]
[unpkg.com/tailwindcss@1.9.6/dist/tailwind.min.css]
[cdn.jsdelivr.net/npm/@splidejs/splide@3.6.12/dist/css/splide.min.css]
[cdn.jsdelivr.net/npm/@splidejs/splide@3.6.12/dist/css/splide-core.min.css]
[indoinvite.com/nikah/template/signature/SF3-Atas1.jpg]
[indoinvite.com/nikah/template/signature/SF3-Bawah.jpg]
[indoinvite.com/nikah/template/signature/SF3-Atas2.jpg]
[indoinvite.com/nikah/template/signature/SF3-Atas.jpg]
[indoinvite.com/nikah/template/signature/SF3-Bawah1.jpg]
[indoinvite.com/nikah/template/signature/SF3-Awal.jpg]
[indoinvite.com/nikah/upload/95771/1687267464foto_berdua.png]
[indoinvite.com/nikah/upload/galery/1687272199.jpg]
[indoinvite.com/nikah/template/beautiful-white/patern.jpg]
[indoinvite.com/nikah/bayar.jpg]
[indoinvite.com/nikah/loading_new.gif]
[indoinvite.com/nikah/liputan6.png]
[indoinvite.com/nikah/merdeka.png]
[indoinvite.com/nikah/kontan.png]
[indoinvite.com/nikah/post/1681636095sampul_produk.jpg]
[indoinvite.com/nikah/post/1681635292sampul_produk.jpg]
[indoinvite.com/nikah/post/1681635100sampul_produk.jpg]
[indoinvite.com/nikah/post/1681635581sampul_produk.jpg]
[indoinvite.com/nikah/post/1681635339sampul_produk.jpg]
[www.xendit.co/wp-content/uploads/2020/03/XENDIT-LOGOArtboard-1@2x.png]
[indoinvite.com/nikah/upload/galery/1687272274.jpg]
[indoinvite.com/every-moment/bgs.jpg]
[indoinvite.com/nikah/js/jquery.min.js]
[indoinvite.com/nikah/js/jquery.easing.1.3.js]
[indoinvite.com/nikah/js/bootstrap.min.js]
[indoinvite.com/nikah/js/jquery.waypoints.min.js]
[indoinvite.com/nikah/js/owl.carousel.min.js]
[indoinvite.com/nikah/js/jquery.countTo.js]
[indoinvite.com/nikah/js/jquery.stellar.min.js]
[indoinvite.com/nikah/js/jquery.magnific-popup.min.js]
[indoinvite.com/nikah/js/magnific-popup-options.js]
[indoinvite.com/nikah/js/simplyCountdown.js]
[indoinvite.com/nikah/js/main.js]
[cdnjs.cloudflare.com/ajax/libs/animejs/3.2.1/anime.min.js]
[unpkg.com/aos@2.3.1/dist/aos.js]
[indoinvite.com/snow/PureSnow.js]
[translate.google.com/translate_a/elementa0d8.js]
[indoinvite.com/s/95771/maemmaemyokd047.html]
[indoinvite.com/nikah/css/animate.css]
[indoinvite.com/nikah/css/icomoon.css]
[indoinvite.com/nikah/css/bootstrap.css]
[indoinvite.com/nikah/css/magnific-popup.css]
[cdn.jsdelivr.net/npm/@splidejs/splide@3.6.12/dist/js/splide.min.js]
[indoinvite.com/nikah/css/owl.carousel.min.css]
[indoinvite.com/nikah/css/owl.theme.default.min.css]
[indoinvite.com/nikah/images/loader.gif]
[indoinvite.com/nikah/css/style.css]
[unpkg.com/aos@2.3.1/dist/aos.css]
[indoinvite.com/tailwind.css]
[unpkg.com/tailwindcss@1.9.6/dist/tailwind.min.css]
[cdn.jsdelivr.net/npm/@splidejs/splide@3.6.12/dist/css/splide.min.css]
[cdn.jsdelivr.net/npm/@splidejs/splide@3.6.12/dist/css/splide-core.min.css]
[indoinvite.com/nikah/css/owl.video.play.html]
